Determining if the pthread_create exist failed with the following output:
Change Dir: /home/leonardonava/ManipulatorsFeb2022-Students/04_03_2022/challenge/xarm_challenge/build/CMakeFiles/CMakeTmp

Run Build Command:"/usr/bin/make" "cmTC_dfa1a/fast"
/usr/bin/make -f CMakeFiles/cmTC_dfa1a.dir/build.make CMakeFiles/cmTC_dfa1a.dir/build
make[1]: Entering directory '/home/leonardonava/ManipulatorsFeb2022-Students/04_03_2022/challenge/xarm_challenge/build/CMakeFiles/CMakeTmp'
Building C object CMakeFiles/cmTC_dfa1a.dir/CheckSymbolExists.c.o
/usr/bin/cc    -o CMakeFiles/cmTC_dfa1a.dir/CheckSymbolExists.c.o   -c /home/leonardonava/ManipulatorsFeb2022-Students/04_03_2022/challenge/xarm_challenge/build/CMakeFiles/CMakeTmp/CheckSymbolExists.c
Linking C executable cmTC_dfa1a
/usr/bin/cmake -E cmake_link_script CMakeFiles/cmTC_dfa1a.dir/link.txt --verbose=1
/usr/bin/cc      -rdynamic CMakeFiles/cmTC_dfa1a.dir/CheckSymbolExists.c.o  -o cmTC_dfa1a 
CMakeFiles/cmTC_dfa1a.dir/CheckSymbolExists.c.o: In function `main':
CheckSymbolExists.c:(.text+0x1b): undefined reference to `pthread_create'
collect2: error: ld returned 1 exit status
CMakeFiles/cmTC_dfa1a.dir/build.make:97: recipe for target 'cmTC_dfa1a' failed
make[1]: *** [cmTC_dfa1a] Error 1
make[1]: Leaving directory '/home/leonardonava/ManipulatorsFeb2022-Students/04_03_2022/challenge/xarm_challenge/build/CMakeFiles/CMakeTmp'
Makefile:126: recipe for target 'cmTC_dfa1a/fast' failed
make: *** [cmTC_dfa1a/fast] Error 2

File /home/leonardonava/ManipulatorsFeb2022-Students/04_03_2022/challenge/xarm_challenge/build/CMakeFiles/CMakeTmp/CheckSymbolExists.c:
/* */
#include <pthread.h>

int main(int argc, char** argv)
{
  (void)argv;
#ifndef pthread_create
  return ((int*)(&pthread_create))[argc];
#else
  (void)argc;
  return 0;
#endif
}

Determining if the function pthread_create exists in the pthreads failed with the following output:
Change Dir: /home/leonardonava/ManipulatorsFeb2022-Students/04_03_2022/challenge/xarm_challenge/build/CMakeFiles/CMakeTmp

Run Build Command:"/usr/bin/make" "cmTC_01d00/fast"
/usr/bin/make -f CMakeFiles/cmTC_01d00.dir/build.make CMakeFiles/cmTC_01d00.dir/build
make[1]: Entering directory '/home/leonardonava/ManipulatorsFeb2022-Students/04_03_2022/challenge/xarm_challenge/build/CMakeFiles/CMakeTmp'
Building C object CMakeFiles/cmTC_01d00.dir/CheckFunctionExists.c.o
/usr/bin/cc   -DCHECK_FUNCTION_EXISTS=pthread_create   -o CMakeFiles/cmTC_01d00.dir/CheckFunctionExists.c.o   -c /usr/share/cmake-3.10/Modules/CheckFunctionExists.c
Linking C executable cmTC_01d00
/usr/bin/cmake -E cmake_link_script CMakeFiles/cmTC_01d00.dir/link.txt --verbose=1
/usr/bin/cc  -DCHECK_FUNCTION_EXISTS=pthread_create    -rdynamic CMakeFiles/cmTC_01d00.dir/CheckFunctionExists.c.o  -o cmTC_01d00 -lpthreads 
/usr/bin/ld: cannot find -lpthreads
collect2: error: ld returned 1 exit status
CMakeFiles/cmTC_01d00.dir/build.make:97: recipe for target 'cmTC_01d00' failed
make[1]: *** [cmTC_01d00] Error 1
make[1]: Leaving directory '/home/leonardonava/ManipulatorsFeb2022-Students/04_03_2022/challenge/xarm_challenge/build/CMakeFiles/CMakeTmp'
Makefile:126: recipe for target 'cmTC_01d00/fast' failed
make: *** [cmTC_01d00/fast] Error 2


